<?xml version="1.0" encoding="UTF-8"?>
<!-- Generated by org.testng.reporters.JUnitReportReporter -->
<testsuite hostname="DESKTOP-FRKOTJR" failures="0" tests="1" name="Testpkg.testcls" time="65.747" errors="0" timestamp="2023-11-07T23:44:38 IST" skipped="0">
  <testcase classname="Testpkg.testcls" name="test" time="65.747"/>
  <system-out/>
</testsuite> <!-- Testpkg.testcls -->
